<?xml version="1.0" encoding="UTF-8"?>
<!-- Generated by org.testng.reporters.JUnitReportReporter -->
<testsuite hostname="DESKTOP-OVEU8IQ" failures="0" tests="1" name="SeleniumTraining.WebAppTesting.Endtoendscenario" time="11.721" errors="0" timestamp="2023-12-15T22:07:11 IST" skipped="0">
  <testcase classname="SeleniumTraining.WebAppTesting.Endtoendscenario" name="EndtoEndScenario" time="11.721"/>
</testsuite> <!-- SeleniumTraining.WebAppTesting.Endtoendscenario -->
