<?xml version="1.0" encoding="UTF-8"?>
<!-- Generated by org.testng.reporters.JUnitReportReporter -->
<testsuite hostname="DESKTOP-OVEU8IQ" failures="0" tests="1" name="SeleniumTraining.WebAppTesting.DropdownTesting" time="25.035" errors="0" timestamp="2023-12-15T22:01:59 IST" skipped="0">
  <testcase classname="SeleniumTraining.WebAppTesting.DropdownTesting" name="DropdownTestng" time="25.035"/>
</testsuite> <!-- SeleniumTraining.WebAppTesting.DropdownTesting -->
