<?xml version="1.0" encoding="UTF-8"?>
<!-- Generated by org.testng.reporters.JUnitReportReporter -->
<testsuite hostname="DESKTOP-OVEU8IQ" failures="0" tests="1" name="SeleniumTraining.WebAppTesting.DynamicdDropDownTest" time="16.452" errors="0" timestamp="2023-12-15T22:04:25 IST" skipped="0">
  <testcase classname="SeleniumTraining.WebAppTesting.DynamicdDropDownTest" name="DynamicDrpdown" time="16.452"/>
</testsuite> <!-- SeleniumTraining.WebAppTesting.DynamicdDropDownTest -->
