<?xml version="1.0" encoding="UTF-8"?>
<!-- Generated by org.testng.reporters.JUnitReportReporter -->
<testsuite hostname="DESKTOP-OVEU8IQ" failures="0" tests="1" name="SeleniumTraining.WebAppTesting.FlueintWait" time="14.350" errors="0" timestamp="2023-12-15T22:08:09 IST" skipped="0">
  <testcase classname="SeleniumTraining.WebAppTesting.FlueintWait" name="fluentwait" time="14.350"/>
</testsuite> <!-- SeleniumTraining.WebAppTesting.FlueintWait -->
