<?xml version="1.0" encoding="UTF-8"?>
<!-- Generated by org.testng.reporters.JUnitReportReporter -->
<testsuite hostname="DESKTOP-OVEU8IQ" failures="0" tests="1" name="SeleniumTraining.WebAppTesting.ScreenshotFeature" time="6.780" errors="0" timestamp="2023-12-15T22:12:16 IST" skipped="0">
  <testcase classname="SeleniumTraining.WebAppTesting.ScreenshotFeature" name="Screenshot" time="6.780"/>
</testsuite> <!-- SeleniumTraining.WebAppTesting.ScreenshotFeature -->
