<?xml version="1.0" encoding="UTF-8"?>
<!-- Generated by org.testng.reporters.JUnitReportReporter -->
<testsuite hostname="DESKTOP-OVEU8IQ" failures="0" tests="1" name="SeleniumTraining.WebAppTesting.ActionClass" time="23.070" errors="0" timestamp="2023-12-15T21:59:41 IST" skipped="0">
  <testcase classname="SeleniumTraining.WebAppTesting.ActionClass" name="action" time="23.070"/>
</testsuite> <!-- SeleniumTraining.WebAppTesting.ActionClass -->
