<?xml version="1.0" encoding="UTF-8"?>
<!-- Generated by org.testng.reporters.JUnitReportReporter -->
<testsuite hostname="DESKTOP-OVEU8IQ" failures="0" tests="1" name="SeleniumTraining.WebAppTesting.Switchtoframe" time="22.542" errors="0" timestamp="2023-12-15T22:16:56 IST" skipped="0">
  <testcase classname="SeleniumTraining.WebAppTesting.Switchtoframe" name="SwithctoFrame" time="22.542"/>
</testsuite> <!-- SeleniumTraining.WebAppTesting.Switchtoframe -->
