<?xml version="1.0" encoding="UTF-8"?>
<!-- Generated by org.testng.reporters.JUnitReportReporter -->
<testsuite hostname="DESKTOP-OVEU8IQ" failures="0" tests="1" name="SeleniumTraining.WebAppTesting.WindowHandlers" time="10.496" errors="0" timestamp="2023-12-15T22:17:16 IST" skipped="0">
  <testcase classname="SeleniumTraining.WebAppTesting.WindowHandlers" name="windowHandler" time="10.496"/>
</testsuite> <!-- SeleniumTraining.WebAppTesting.WindowHandlers -->
