<?xml version="1.0" encoding="UTF-8"?>
<!-- Generated by org.testng.reporters.JUnitReportReporter -->
<testsuite hostname="DESKTOP-OVEU8IQ" failures="0" tests="1" name="SeleniumTraining.WebAppTesting.Practicedropdown" time="16.195" errors="0" timestamp="2023-12-15T22:11:27 IST" skipped="0">
  <testcase classname="SeleniumTraining.WebAppTesting.Practicedropdown" name="practicedropdown" time="16.195"/>
</testsuite> <!-- SeleniumTraining.WebAppTesting.Practicedropdown -->
