<?xml version="1.0" encoding="UTF-8"?>
<!-- Generated by org.testng.reporters.JUnitReportReporter -->
<testsuite hostname="DESKTOP-OVEU8IQ" failures="0" tests="1" name="SeleniumTraining.WebAppTesting.DynamicCalender" time="24.810" errors="0" timestamp="2023-12-15T22:03:18 IST" skipped="0">
  <testcase classname="SeleniumTraining.WebAppTesting.DynamicCalender" name="DynamicCalendr" time="24.810"/>
</testsuite> <!-- SeleniumTraining.WebAppTesting.DynamicCalender -->
