<?xml version="1.0" encoding="UTF-8"?>
<!-- Generated by org.testng.reporters.JUnitReportReporter -->
<testsuite hostname="DESKTOP-OVEU8IQ" failures="0" tests="1" name="SeleniumTraining.WebAppTesting.ScrollingTable" time="9.522" errors="0" timestamp="2023-12-15T22:13:46 IST" skipped="0">
  <testcase classname="SeleniumTraining.WebAppTesting.ScrollingTable" name="scrollingtable" time="9.522"/>
</testsuite> <!-- SeleniumTraining.WebAppTesting.ScrollingTable -->
