<?xml version="1.0" encoding="UTF-8"?>
<!-- Generated by org.testng.reporters.JUnitReportReporter -->
<testsuite hostname="DESKTOP-OVEU8IQ" failures="0" tests="1" name="SeleniumTraining.WebAppTesting.Frames" time="7.443" errors="0" timestamp="2023-12-15T22:08:49 IST" skipped="0">
  <testcase classname="SeleniumTraining.WebAppTesting.Frames" name="Frames" time="7.443"/>
</testsuite> <!-- SeleniumTraining.WebAppTesting.Frames -->
